<?xml version="1.0" encoding="UTF-8"?>
<testsuite xmlns:xsi="http://www.w3.org/2001/XMLSchema-instance" xsi:noNamespaceSchemaLocation="https://maven.apache.org/surefire/maven-surefire-plugin/xsd/surefire-test-report.xsd" name="com.candidateevaluationexercise.MyCSVParserTest" time="0" tests="5" errors="0" skipped="0" failures="0">
  <properties>
[...]
</properties>
  <testcase name="testIOExceptionHandling" classname="com.candidateevaluationexercise.MyCSVParserTest" time="0"/>
  <testcase name="testParseCSVWithSpecialCharacters" classname="com.candidateevaluationexercise.MyCSVParserTest" time="0"/>
  <testcase name="testValidCSVParsing" classname="com.candidateevaluationexercise.MyCSVParserTest" time="0"/>
  <testcase name="testEmptyCSVFile" classname="com.candidateevaluationexercise.MyCSVParserTest" time="0"/>
  <testcase name="testInvalidCSV" classname="com.candidateevaluationexercise.MyCSVParserTest" time="0"/>
</testsuite>